Application started.
Application ended.
Application started.
LiveChecker: Starting the live check loop.
LiveChecker: Checking live status for account 'echo.enby'.
LiveChecker: Account 'echo.enby' is not live.
LiveChecker: Checking live status for account 'viralchristie'.
LiveChecker: Account 'viralchristie' is not live.
LiveChecker: Checking live status for account 'viralchristie1'.
LiveChecker: Account 'viralchristie1' is not live.
LiveChecker: Checking live status for account 'viralchristie03'.
LiveChecker: Account 'viralchristie03' is not live.
LiveChecker: Checking live status for account 'fiftyshadesofirish'.
LiveChecker: Account 'fiftyshadesofirish' is not live.
LiveChecker: Checking live status for account 'born.fta'.
LiveChecker: Account 'born.fta' is not live.
LiveChecker: Checking live status for account 'bunsters'.
LiveChecker: Account 'bunsters' is not live.
LiveChecker: Checking live status for account 'brsslssprts'.
LiveChecker: Account 'brsslssprts' is not live.
LiveChecker: Checking live status for account 'unproblematicmak'.
LiveChecker: Account 'unproblematicmak' is not live.
LiveChecker: Checking live status for account 'tiredleftistmillennial3'.
LiveChecker: Account 'tiredleftistmillennial3' is not live.
LiveChecker: Completed a live check cycle.
LiveChecker: Stopping the live check loop.
Application ended.
Application started.
Application ended.
